
Circuit 1 cell sky130_fd_pr__nfet_g5v0d10v5 and Circuit 2 cell sky130_fd_pr__nfet_g5v0d10v5 are black boxes.
Warning: Equate pins:  cell sky130_fd_pr__nfet_g5v0d10v5 is a placeholder, treated as a black box.
Warning: Equate pins:  cell sky130_fd_pr__nfet_g5v0d10v5 is a placeholder, treated as a black box.

Subcircuit pins:
Circuit 1: sky130_fd_pr__nfet_g5v0d10v5    |Circuit 2: sky130_fd_pr__nfet_g5v0d10v5    
-------------------------------------------|-------------------------------------------
1                                          |1                                          
2                                          |2                                          
3                                          |3                                          
4                                          |4                                          
---------------------------------------------------------------------------------------
Cell pin lists are equivalent.
Device classes sky130_fd_pr__nfet_g5v0d10v5 and sky130_fd_pr__nfet_g5v0d10v5 are equivalent.

Circuit 1 cell sky130_fd_pr__pfet_g5v0d10v5 and Circuit 2 cell sky130_fd_pr__pfet_g5v0d10v5 are black boxes.
Warning: Equate pins:  cell sky130_fd_pr__pfet_g5v0d10v5 is a placeholder, treated as a black box.
Warning: Equate pins:  cell sky130_fd_pr__pfet_g5v0d10v5 is a placeholder, treated as a black box.

Subcircuit pins:
Circuit 1: sky130_fd_pr__pfet_g5v0d10v5    |Circuit 2: sky130_fd_pr__pfet_g5v0d10v5    
-------------------------------------------|-------------------------------------------
1                                          |1                                          
2                                          |2                                          
3                                          |3                                          
4                                          |4                                          
---------------------------------------------------------------------------------------
Cell pin lists are equivalent.
Device classes sky130_fd_pr__pfet_g5v0d10v5 and sky130_fd_pr__pfet_g5v0d10v5 are equivalent.

Circuit 1 cell sky130_fd_pr__nfet_01v8 and Circuit 2 cell sky130_fd_pr__nfet_01v8 are black boxes.
Warning: Equate pins:  cell sky130_fd_pr__nfet_01v8 is a placeholder, treated as a black box.
Warning: Equate pins:  cell sky130_fd_pr__nfet_01v8 is a placeholder, treated as a black box.

Subcircuit pins:
Circuit 1: sky130_fd_pr__nfet_01v8         |Circuit 2: sky130_fd_pr__nfet_01v8         
-------------------------------------------|-------------------------------------------
1                                          |1                                          
2                                          |2                                          
3                                          |3                                          
4                                          |4                                          
---------------------------------------------------------------------------------------
Cell pin lists are equivalent.
Device classes sky130_fd_pr__nfet_01v8 and sky130_fd_pr__nfet_01v8 are equivalent.

Circuit 1 cell sky130_fd_pr__pfet_01v8_hvt and Circuit 2 cell sky130_fd_pr__pfet_01v8_hvt are black boxes.
Warning: Equate pins:  cell sky130_fd_pr__pfet_01v8_hvt is a placeholder, treated as a black box.
Warning: Equate pins:  cell sky130_fd_pr__pfet_01v8_hvt is a placeholder, treated as a black box.

Subcircuit pins:
Circuit 1: sky130_fd_pr__pfet_01v8_hvt     |Circuit 2: sky130_fd_pr__pfet_01v8_hvt     
-------------------------------------------|-------------------------------------------
1                                          |1                                          
2                                          |2                                          
3                                          |3                                          
4                                          |4                                          
---------------------------------------------------------------------------------------
Cell pin lists are equivalent.
Device classes sky130_fd_pr__pfet_01v8_hvt and sky130_fd_pr__pfet_01v8_hvt are equivalent.

Circuit 1 cell sky130_fd_pr__res_xhigh_po_0p35 and Circuit 2 cell sky130_fd_pr__res_xhigh_po_0p35 are black boxes.
Warning: Equate pins:  cell sky130_fd_pr__res_xhigh_po_0p35 is a placeholder, treated as a black box.
Warning: Equate pins:  cell sky130_fd_pr__res_xhigh_po_0p35 is a placeholder, treated as a black box.

Subcircuit pins:
Circuit 1: sky130_fd_pr__res_xhigh_po_0p35 |Circuit 2: sky130_fd_pr__res_xhigh_po_0p35 
-------------------------------------------|-------------------------------------------
1                                          |1                                          
2                                          |2                                          
3                                          |3                                          
---------------------------------------------------------------------------------------
Cell pin lists are equivalent.
Device classes sky130_fd_pr__res_xhigh_po_0p35 and sky130_fd_pr__res_xhigh_po_0p35 are equivalent.

Circuit 1 cell sky130_fd_pr__cap_mim_m3_1 and Circuit 2 cell sky130_fd_pr__cap_mim_m3_1 are black boxes.
Warning: Equate pins:  cell sky130_fd_pr__cap_mim_m3_1 is a placeholder, treated as a black box.
Warning: Equate pins:  cell sky130_fd_pr__cap_mim_m3_1 is a placeholder, treated as a black box.

Subcircuit pins:
Circuit 1: sky130_fd_pr__cap_mim_m3_1      |Circuit 2: sky130_fd_pr__cap_mim_m3_1      
-------------------------------------------|-------------------------------------------
1                                          |1                                          
2                                          |2                                          
---------------------------------------------------------------------------------------
Cell pin lists are equivalent.
Device classes sky130_fd_pr__cap_mim_m3_1 and sky130_fd_pr__cap_mim_m3_1 are equivalent.

Class sky130_fd_sc_hvl__lsbuflv2hv_1 (0):  Merged 8 parallel devices.
Class sky130_fd_sc_hvl__lsbuflv2hv_1 (1):  Merged 8 parallel devices.
Subcircuit summary:
Circuit 1: sky130_fd_sc_hvl__lsbuflv2hv_1  |Circuit 2: sky130_fd_sc_hvl__lsbuflv2hv_1  
-------------------------------------------|-------------------------------------------
sky130_fd_pr__nfet_g5v0d10v5 (12->4)       |sky130_fd_pr__nfet_g5v0d10v5 (12->4)       
sky130_fd_pr__pfet_g5v0d10v5 (4)           |sky130_fd_pr__pfet_g5v0d10v5 (4)           
sky130_fd_pr__nfet_01v8 (2)                |sky130_fd_pr__nfet_01v8 (2)                
sky130_fd_pr__pfet_01v8_hvt (2)            |sky130_fd_pr__pfet_01v8_hvt (2)            
Number of devices: 12                      |Number of devices: 12                      
Number of nets: 12                         |Number of nets: 12                         
---------------------------------------------------------------------------------------
Netlists match uniquely.

Subcircuit pins:
Circuit 1: sky130_fd_sc_hvl__lsbuflv2hv_1  |Circuit 2: sky130_fd_sc_hvl__lsbuflv2hv_1  
-------------------------------------------|-------------------------------------------
VPWR                                       |VPWR                                       
VPB                                        |VPB                                        
LVPWR                                      |LVPWR                                      
X                                          |X                                          
A                                          |A                                          
VGND                                       |VGND                                       
VNB                                        |VNB                                        
---------------------------------------------------------------------------------------
Cell pin lists are equivalent.
Device classes sky130_fd_sc_hvl__lsbuflv2hv_1 and sky130_fd_sc_hvl__lsbuflv2hv_1 are equivalent.
Flattening unmatched subcell sky130_fd_pr__nfet_g5v0d10v5_UNEQ2N in circuit sky130_am_ip__ldo_01v8 (0)(8 instances)
Flattening unmatched subcell sky130_fd_pr__pfet_g5v0d10v5_BWAZV5 in circuit sky130_am_ip__ldo_01v8 (0)(6 instances)
Flattening unmatched subcell sky130_fd_pr__nfet_g5v0d10v5_A2FZRM in circuit sky130_am_ip__ldo_01v8 (0)(7 instances)
Flattening unmatched subcell sky130_fd_pr__pfet_g5v0d10v5_KLAZY6 in circuit sky130_am_ip__ldo_01v8 (0)(8 instances)
Flattening unmatched subcell sky130_fd_pr__pfet_g5v0d10v5_PC2PN5 in circuit sky130_am_ip__ldo_01v8 (0)(1 instance)
Flattening unmatched subcell sky130_fd_pr__nfet_g5v0d10v5_69K6TN in circuit sky130_am_ip__ldo_01v8 (0)(2 instances)
Flattening unmatched subcell sky130_fd_pr__res_xhigh_po_0p35_QZEXQH in circuit sky130_am_ip__ldo_01v8 (0)(1 instance)
Flattening unmatched subcell sky130_fd_pr__res_xhigh_po_0p35_Z7JM9H in circuit sky130_am_ip__ldo_01v8 (0)(1 instance)
Flattening unmatched subcell sky130_fd_pr__res_xhigh_po_0p35_743D3R in circuit sky130_am_ip__ldo_01v8 (0)(1 instance)
Flattening unmatched subcell sky130_fd_pr__cap_mim_m3_1_MRZGNS in circuit sky130_am_ip__ldo_01v8 (0)(3 instances)
Flattening unmatched subcell sky130_fd_pr__cap_mim_m3_1_VCAG9S in circuit sky130_am_ip__ldo_01v8 (0)(1 instance)
Flattening unmatched subcell sky130_fd_pr__nfet_g5v0d10v5_PXBJUB in circuit sky130_am_ip__ldo_01v8 (0)(3 instances)
Flattening unmatched subcell sky130_fd_pr__pfet_g5v0d10v5_47NWVV in circuit sky130_am_ip__ldo_01v8 (0)(3 instances)
Flattening unmatched subcell sky130_fd_pr__nfet_g5v0d10v5_YHRXVR in circuit sky130_am_ip__ldo_01v8 (0)(5 instances)
Flattening unmatched subcell sky130_fd_pr__pfet_g5v0d10v5_7EJ6Y6 in circuit sky130_am_ip__ldo_01v8 (0)(2 instances)
Flattening unmatched subcell sky130_fd_pr__nfet_g5v0d10v5_WSEQJ0 in circuit sky130_am_ip__ldo_01v8 (0)(2 instances)
Flattening unmatched subcell sky130_fd_pr__nfet_g5v0d10v5_L9TFKV in circuit sky130_am_ip__ldo_01v8 (0)(1 instance)

Class sky130_am_ip__ldo_01v8 (0):  Merged 1032 parallel devices.
Class sky130_am_ip__ldo_01v8 (0):  Merged 53 series devices.
Subcircuit summary:
Circuit 1: sky130_am_ip__ldo_01v8          |Circuit 2: sky130_am_ip__ldo_01v8          
-------------------------------------------|-------------------------------------------
sky130_fd_pr__nfet_g5v0d10v5 (1051->21)    |sky130_fd_pr__nfet_g5v0d10v5 (1051->21)    
sky130_fd_pr__pfet_g5v0d10v5 (20)          |sky130_fd_pr__pfet_g5v0d10v5 (20)          
sky130_fd_sc_hvl__lsbuflv2hv_1 (2)         |sky130_fd_sc_hvl__lsbuflv2hv_1 (2)         
sky130_fd_pr__res_xhigh_po_0p35 (56->3)    |sky130_fd_pr__res_xhigh_po_0p35 (3)        
sky130_fd_pr__cap_mim_m3_1 (4->2)          |sky130_fd_pr__cap_mim_m3_1 (4->2)          
Number of devices: 48                      |Number of devices: 48                      
Number of nets: 33                         |Number of nets: 33                         
---------------------------------------------------------------------------------------
Netlists match uniquely.

Subcircuit pins:
Circuit 1: sky130_am_ip__ldo_01v8          |Circuit 2: sky130_am_ip__ldo_01v8          
-------------------------------------------|-------------------------------------------
DVSS                                       |DVSS                                       
VOUT                                       |VOUT                                       
DVDD                                       |DVDD                                       
VREF_EXT                                   |VREF_EXT                                   
ENA                                        |ENA                                        
SEL_EXT                                    |SEL_EXT                                    
AVDD                                       |AVDD                                       
AVSS                                       |AVSS                                       
---------------------------------------------------------------------------------------
Cell pin lists are equivalent.
Device classes sky130_am_ip__ldo_01v8 and sky130_am_ip__ldo_01v8 are equivalent.

Final result: Circuits match uniquely.
.
